<?xml version="1.0" encoding="UTF-8"?>
<!-- Generated by org.testng.reporters.JUnitReportReporter -->
<testsuite hostname="ATMECSINLT-043" failures="0" tests="1" name="date.DatePolicy" time="1.603" errors="0" timestamp="2019-11-25T20:06:31 IST" skipped="0">
  <testcase classname="date.DatePolicy" name="effectiveDatePolicy" time="1.603"/>
</testsuite> <!-- date.DatePolicy -->
