<?xml version="1.0" encoding="UTF-8"?>
<!-- Generated by org.testng.reporters.JUnitReportReporter -->
<testsuite hostname="ATMECSINLT-043" failures="0" tests="1" name="com.MyArchetype.helper.ExcelWriter" time="1.813" errors="0" timestamp="2019-11-25T19:14:52 IST" skipped="0">
  <testcase classname="com.MyArchetype.helper.ExcelWriter" name="writeData" time="1.813"/>
</testsuite> <!-- com.MyArchetype.helper.ExcelWriter -->
