<?xml version="1.0" encoding="UTF-8"?>
<!-- Generated by org.testng.reporters.JUnitReportReporter -->
<testsuite hostname="ATMECSINLT-043" failures="0" tests="1" name="date.Date" time="0.892" errors="0" timestamp="2019-11-25T18:01:07 IST" skipped="0">
  <testcase classname="date.Date" name="effectiveDatePolicy" time="0.892"/>
</testsuite> <!-- date.Date -->
