<?xml version="1.0" encoding="UTF-8"?>
<!-- Generated by org.testng.reporters.JUnitReportReporter -->
<testsuite hostname="ATMECSINLT-043" failures="0" tests="1" name="com.MyArchetype.testscript.TestScript" time="0.015" errors="0" timestamp="2019-11-25T10:49:44 IST" skipped="0">
  <testcase classname="com.MyArchetype.testscript.TestScript" name="homePage" time="0.015"/>
</testsuite> <!-- com.MyArchetype.testscript.TestScript -->
