<?xml version="1.0" encoding="UTF-8"?>
<!-- Generated by org.testng.reporters.JUnitReportReporter -->
<testsuite hostname="ATMECSINLT-043" failures="0" tests="2" name="com.MyArchetype.testscenario.TestScenaio" time="2.849" errors="0" timestamp="2019-11-25T13:10:14 IST" skipped="0">
  <testcase classname="com.MyArchetype.testscenario.TestScenaio" name="loginPage" time="0.571"/>
  <testcase classname="com.MyArchetype.testscenario.TestScenaio" name="homePage" time="2.278"/>
</testsuite> <!-- com.MyArchetype.testscenario.TestScenaio -->
