<?xml version="1.0" encoding="UTF-8"?>
<!-- Generated by org.testng.reporters.JUnitReportReporter -->
<testsuite hostname="ATMECSINLT-043" failures="0" tests="1" name="com.MyArchetype.helper.Date" time="0.031" errors="0" timestamp="2019-11-25T14:54:03 IST" skipped="0">
  <testcase classname="com.MyArchetype.helper.Date" name="dateValidate" time="0.031"/>
</testsuite> <!-- com.MyArchetype.helper.Date -->
